[2019-09-10 13:36:53.203] [exthost] [info] extension host started
[2019-09-10 13:36:54.710] [exthost] [info] extension host started
[2019-09-10 13:36:54.839] [exthost] [info] ExtensionService#_doActivateExtension christian-kohler.path-intellisense {"startup":true,"activationEvent":"*"}
[2019-09-10 13:36:54.839] [exthost] [info] ExtensionService#loadCommonJSModule /usr/local/sts-bundle/sts-3.9.9.RELEASE/plugins/com.genuitec.eclipse.code.extensions.core.linux.x86_64_3.4.0.201908201454/extensions/christian-kohler.path-intellisense-1.4.2/out/src/extension
[2019-09-10 13:36:54.960] [exthost] [info] ExtensionService#_doActivateExtension dbaeumer.vscode-eslint {"startup":true,"activationEvent":"*"}
[2019-09-10 13:36:54.960] [exthost] [info] ExtensionService#loadCommonJSModule /usr/local/sts-bundle/sts-3.9.9.RELEASE/plugins/com.genuitec.eclipse.code.extensions.core.linux.x86_64_3.4.0.201908201454/extensions/dbaeumer.vscode-eslint-1.9.0/client/out/extension
[2019-09-10 13:36:55.095] [exthost] [info] ExtensionService#_doActivateExtension vscode.debug-auto-launch {"startup":true,"activationEvent":"*"}
[2019-09-10 13:36:55.095] [exthost] [info] ExtensionService#loadCommonJSModule /usr/local/sts-bundle/sts-3.9.9.RELEASE/plugins/com.genuitec.eclipse.code.engine.app.linux.x86_64_3.4.0.201908201543/engine/resources/app/extensions/debug-auto-launch/dist/extension
[2019-09-10 13:36:55.132] [exthost] [info] ExtensionService#_doActivateExtension vscode.emmet {"startup":true,"activationEvent":"*"}
[2019-09-10 13:36:55.132] [exthost] [info] ExtensionService#loadCommonJSModule /usr/local/sts-bundle/sts-3.9.9.RELEASE/plugins/com.genuitec.eclipse.code.engine.app.linux.x86_64_3.4.0.201908201543/engine/resources/app/extensions/emmet/dist/extension
[2019-09-10 13:36:55.190] [exthost] [info] ExtensionService#_doActivateExtension formulahendry.auto-close-tag {"startup":true,"activationEvent":"*"}
[2019-09-10 13:36:55.190] [exthost] [info] ExtensionService#loadCommonJSModule /usr/local/sts-bundle/sts-3.9.9.RELEASE/plugins/com.genuitec.eclipse.code.extensions.core.linux.x86_64_3.4.0.201908201454/extensions/formulahendry.auto-close-tag-0.5.6/out/src/extension
[2019-09-10 13:36:55.195] [exthost] [info] ExtensionService#_doActivateExtension HookyQR.beautify {"startup":true,"activationEvent":"*"}
[2019-09-10 13:36:55.195] [exthost] [info] ExtensionService#loadCommonJSModule /usr/local/sts-bundle/sts-3.9.9.RELEASE/plugins/com.genuitec.eclipse.code.extensions.core.linux.x86_64_3.4.0.201908201454/extensions/hookyqr.beautify-1.4.11/extension
[2019-09-10 13:36:55.617] [exthost] [info] ExtensionService#_doActivateExtension vscode.grunt {"startup":false,"activationEvent":"onCommand:workbench.action.tasks.runTask"}
[2019-09-10 13:36:55.617] [exthost] [info] ExtensionService#loadCommonJSModule /usr/local/sts-bundle/sts-3.9.9.RELEASE/plugins/com.genuitec.eclipse.code.engine.app.linux.x86_64_3.4.0.201908201543/engine/resources/app/extensions/grunt/dist/main
[2019-09-10 13:36:55.657] [exthost] [info] ExtensionService#_doActivateExtension vscode.gulp {"startup":false,"activationEvent":"onCommand:workbench.action.tasks.runTask"}
[2019-09-10 13:36:55.657] [exthost] [info] ExtensionService#loadCommonJSModule /usr/local/sts-bundle/sts-3.9.9.RELEASE/plugins/com.genuitec.eclipse.code.engine.app.linux.x86_64_3.4.0.201908201543/engine/resources/app/extensions/gulp/dist/main
[2019-09-10 13:36:55.670] [exthost] [info] ExtensionService#_doActivateExtension vscode.jake {"startup":false,"activationEvent":"onCommand:workbench.action.tasks.runTask"}
[2019-09-10 13:36:55.670] [exthost] [info] ExtensionService#loadCommonJSModule /usr/local/sts-bundle/sts-3.9.9.RELEASE/plugins/com.genuitec.eclipse.code.engine.app.linux.x86_64_3.4.0.201908201543/engine/resources/app/extensions/jake/dist/main
[2019-09-10 13:36:55.687] [exthost] [info] ExtensionService#_doActivateExtension vscode.npm {"startup":false,"activationEvent":"onCommand:workbench.action.tasks.runTask"}
[2019-09-10 13:36:55.687] [exthost] [info] ExtensionService#loadCommonJSModule /usr/local/sts-bundle/sts-3.9.9.RELEASE/plugins/com.genuitec.eclipse.code.engine.app.linux.x86_64_3.4.0.201908201543/engine/resources/app/extensions/npm/dist/main
[2019-09-10 13:36:55.768] [exthost] [info] ExtensionService#_doActivateExtension vscode.typescript-language-features {"startup":false,"activationEvent":"onCommand:workbench.action.tasks.runTask"}
[2019-09-10 13:36:55.768] [exthost] [info] ExtensionService#loadCommonJSModule /usr/local/sts-bundle/sts-3.9.9.RELEASE/plugins/com.genuitec.eclipse.code.engine.app.linux.x86_64_3.4.0.201908201543/engine/resources/app/extensions/typescript-language-features/dist/extension
[2019-09-10 13:36:56.045] [exthost] [info] eager extensions activated
